2025-09-25 16:27:14,892 [INFO] Env: env.4
2025-09-25 16:27:14,892 [INFO] Number of agents: 5
2025-09-25 16:27:14,892 [INFO] Grid size: 100
2025-09-25 16:27:14,892 [INFO] Mission statement: A violent storm had torn through the shipping lanes, capsizing a mid-sized vessel and casting survivors into the open ocean where the local gyre began to drag them into shifting patterns. Rescue command briefs the search team of UAVs that they must locate and assist every life raft adrift in the area. The distress beacons indicate that there are three possible drift formations, but only one is genuine: either a clockwise square spiral seeded near the sector at (70,30), a counterclockwise spiral drifting off (30,70), or another clockwise spiral suspected near (70,70). Satellite drift models provide further clues. The true pattern's first movement from the seed extends eastward and its seed’s coordinates sum to an even number. The scattered survivors form an expanding spiral pattern as the currents twisted their trajectory. The rescue planner must allocate UAVs quickly to sweep the spiral before exhaustion and exposure set in.
2025-09-25 16:27:14,892 [INFO] Total number of targets: 26
2025-09-25 16:27:14,892 [INFO] Trial 1/1 for env.4
2025-09-25 16:28:24,910 [INFO] HTTP Request: POST http://localhost:20805/v1/chat/completions "HTTP/1.1 200 OK"
2025-09-25 16:28:34,220 [INFO] HTTP Request: POST http://localhost:20805/v1/chat/completions "HTTP/1.1 200 OK"
2025-09-25 16:29:06,671 [INFO] HTTP Request: POST http://localhost:20805/v1/chat/completions "HTTP/1.1 200 OK"
2025-09-25 16:29:13,434 [INFO] HTTP Request: POST http://localhost:20805/v1/chat/completions "HTTP/1.1 200 OK"
2025-09-25 16:29:34,680 [INFO] HTTP Request: POST http://localhost:20805/v1/chat/completions "HTTP/1.1 200 OK"
2025-09-25 16:29:39,741 [INFO] HTTP Request: POST http://localhost:20805/v1/chat/completions "HTTP/1.1 200 OK"
2025-09-25 16:30:06,302 [INFO] HTTP Request: POST http://localhost:20805/v1/chat/completions "HTTP/1.1 200 OK"
2025-09-25 16:30:09,995 [INFO] HTTP Request: POST http://localhost:20805/v1/chat/completions "HTTP/1.1 200 OK"
2025-09-25 16:30:35,857 [INFO] HTTP Request: POST http://localhost:20805/v1/chat/completions "HTTP/1.1 200 OK"
2025-09-25 16:34:11,962 [INFO] HTTP Request: POST http://localhost:20805/v1/chat/completions "HTTP/1.1 200 OK"
2025-09-25 16:34:37,870 [INFO] HTTP Request: POST http://localhost:20805/v1/chat/completions "HTTP/1.1 200 OK"
2025-09-25 16:34:43,864 [INFO] HTTP Request: POST http://localhost:20805/v1/chat/completions "HTTP/1.1 200 OK"
2025-09-25 16:35:13,579 [INFO] HTTP Request: POST http://localhost:20805/v1/chat/completions "HTTP/1.1 200 OK"
2025-09-25 16:35:16,197 [INFO] HTTP Request: POST http://localhost:20805/v1/chat/completions "HTTP/1.1 200 OK"
2025-09-25 16:35:31,785 [INFO] HTTP Request: POST http://localhost:20805/v1/chat/completions "HTTP/1.1 200 OK"
2025-09-25 16:35:33,654 [INFO] HTTP Request: POST http://localhost:20805/v1/chat/completions "HTTP/1.1 200 OK"
2025-09-25 16:35:47,681 [INFO] HTTP Request: POST http://localhost:20805/v1/chat/completions "HTTP/1.1 200 OK"
2025-09-25 16:35:49,641 [INFO] HTTP Request: POST http://localhost:20805/v1/chat/completions "HTTP/1.1 200 OK"
2025-09-25 16:36:03,731 [INFO] HTTP Request: POST http://localhost:20805/v1/chat/completions "HTTP/1.1 200 OK"
2025-09-25 16:36:05,741 [INFO] HTTP Request: POST http://localhost:20805/v1/chat/completions "HTTP/1.1 200 OK"
2025-09-25 16:36:20,383 [INFO] HTTP Request: POST http://localhost:20805/v1/chat/completions "HTTP/1.1 200 OK"
2025-09-25 16:36:22,379 [INFO] HTTP Request: POST http://localhost:20805/v1/chat/completions "HTTP/1.1 200 OK"
2025-09-25 16:36:37,024 [INFO] HTTP Request: POST http://localhost:20805/v1/chat/completions "HTTP/1.1 200 OK"
2025-09-25 16:36:39,057 [INFO] HTTP Request: POST http://localhost:20805/v1/chat/completions "HTTP/1.1 200 OK"
2025-09-25 16:36:53,116 [INFO] HTTP Request: POST http://localhost:20805/v1/chat/completions "HTTP/1.1 200 OK"
2025-09-25 16:36:55,116 [INFO] HTTP Request: POST http://localhost:20805/v1/chat/completions "HTTP/1.1 200 OK"
2025-09-25 16:40:18,343 [INFO] HTTP Request: POST http://localhost:20805/v1/chat/completions "HTTP/1.1 200 OK"
2025-09-25 16:40:20,312 [INFO] HTTP Request: POST http://localhost:20805/v1/chat/completions "HTTP/1.1 200 OK"
